<?xml version="1.0" encoding="UTF-8"?>
<!-- Generated by org.testng.reporters.JUnitXMLReporter -->
<testsuite ignored="0" hostname="DESKTOP-TA655VC" failures="0" tests="4" name="SmokeTesting" time="0.192" errors="0" timestamp="2023-08-16T07:48:33 IST">
  <testcase classname="com.selenium.TestNG.MultipleTestNG" name="add" time="0.019"/>
  <testcase classname="com.selenium.TestNG.MultipleTestNG" name="div" time="0.004"/>
  <testcase classname="com.selenium.TestNG.MultipleTestNG" name="mul" time="0.005"/>
  <testcase classname="com.selenium.TestNG.MultipleTestNG" name="sub" time="0.007"/>
</testsuite> <!-- SmokeTesting -->
